2018-06-14 12:04:07:835> DBError('TB_ALARMEVENT' 출력 테이블을 찾을 수 없습니다) Insert Into TB_ALARMEVENT ( GROUP_CODE,AE_DATE,AE_TIME,ND_NODENO,DE_DEVICEID,DO_DOORNO,AE_ALARMCODE,AE_INSERTTIME)  Values( '1234567890','20180614','120407',3,'01',1,'w','20180614120407811')
2018-06-14 12:04:08:537> DBError('TB_ALARMEVENT' 출력 테이블을 찾을 수 없습니다) Insert Into TB_ALARMEVENT ( GROUP_CODE,AE_DATE,AE_TIME,ND_NODENO,DE_DEVICEID,DO_DOORNO,AE_ALARMCODE,AE_INSERTTIME)  Values( '1234567890','20180614','120408',3,'01',1,'u','20180614120408521')
2018-06-14 12:04:09:190> DBError('TB_ALARMEVENT' 출력 테이블을 찾을 수 없습니다) Insert Into TB_ALARMEVENT ( GROUP_CODE,AE_DATE,AE_TIME,ND_NODENO,DE_DEVICEID,DO_DOORNO,AE_ALARMCODE,AE_INSERTTIME)  Values( '1234567890','20180614','120409',3,'01',1,'w','20180614120409180')
2018-06-14 12:04:09:455> DBError('TB_ALARMEVENT' 출력 테이블을 찾을 수 없습니다) Insert Into TB_ALARMEVENT ( GROUP_CODE,AE_DATE,AE_TIME,ND_NODENO,DE_DEVICEID,DO_DOORNO,AE_ALARMCODE,AE_INSERTTIME)  Values( '1234567890','20180614','120409',3,'01',1,'u','20180614120409444')
2018-06-14 12:04:09:702> DBError('TB_ALARMEVENT' 출력 테이블을 찾을 수 없습니다) Insert Into TB_ALARMEVENT ( GROUP_CODE,AE_DATE,AE_TIME,ND_NODENO,DE_DEVICEID,DO_DOORNO,AE_ALARMCODE,AE_INSERTTIME)  Values( '1234567890','20180614','120409',3,'01',1,'w','20180614120409691')
2018-06-14 12:04:09:951> DBError('TB_ALARMEVENT' 출력 테이블을 찾을 수 없습니다) Insert Into TB_ALARMEVENT ( GROUP_CODE,AE_DATE,AE_TIME,ND_NODENO,DE_DEVICEID,DO_DOORNO,AE_ALARMCODE,AE_INSERTTIME)  Values( '1234567890','20180614','120409',3,'01',1,'u','20180614120409941')
2018-06-14 12:04:10:193> DBError('TB_ALARMEVENT' 출력 테이블을 찾을 수 없습니다) Insert Into TB_ALARMEVENT ( GROUP_CODE,AE_DATE,AE_TIME,ND_NODENO,DE_DEVICEID,DO_DOORNO,AE_ALARMCODE,AE_INSERTTIME)  Values( '1234567890','20180614','120410',3,'01',1,'w','20180614120410182')
2018-06-14 12:04:10:430> DBError('TB_ALARMEVENT' 출력 테이블을 찾을 수 없습니다) Insert Into TB_ALARMEVENT ( GROUP_CODE,AE_DATE,AE_TIME,ND_NODENO,DE_DEVICEID,DO_DOORNO,AE_ALARMCODE,AE_INSERTTIME)  Values( '1234567890','20180614','120410',3,'01',1,'u','20180614120410420')
2018-06-14 12:07:20:496> DBError('TB_ALARMEVENT' 출력 테이블을 찾을 수 없습니다) Insert Into TB_ALARMEVENT ( GROUP_CODE,AE_DATE,AE_TIME,ND_NODENO,DE_DEVICEID,DO_DOORNO,AE_ALARMCODE,AE_INSERTTIME)  Values( '1234567890','20180614','120720',3,'01',1,'w','20180614120720477')
2018-06-14 12:07:21:229> DBError('TB_ALARMEVENT' 출력 테이블을 찾을 수 없습니다) Insert Into TB_ALARMEVENT ( GROUP_CODE,AE_DATE,AE_TIME,ND_NODENO,DE_DEVICEID,DO_DOORNO,AE_ALARMCODE,AE_INSERTTIME)  Values( '1234567890','20180614','120721',3,'01',1,'u','20180614120721215')
2018-06-14 12:07:23:045> DBError('TB_ALARMEVENT' 출력 테이블을 찾을 수 없습니다) Insert Into TB_ALARMEVENT ( GROUP_CODE,AE_DATE,AE_TIME,ND_NODENO,DE_DEVICEID,DO_DOORNO,AE_ALARMCODE,AE_INSERTTIME)  Values( '1234567890','20180614','120722',3,'01',1,'w','20180614120723010')
2018-06-14 12:07:24:616> DBError('TB_ALARMEVENT' 출력 테이블을 찾을 수 없습니다) Insert Into TB_ALARMEVENT ( GROUP_CODE,AE_DATE,AE_TIME,ND_NODENO,DE_DEVICEID,DO_DOORNO,AE_ALARMCODE,AE_INSERTTIME)  Values( '1234567890','20180614','120724',3,'01',1,'s','20180614120724603')
2018-06-14 12:07:55:420> DBError('TB_ALARMEVENT' 출력 테이블을 찾을 수 없습니다) Insert Into TB_ALARMEVENT ( GROUP_CODE,AE_DATE,AE_TIME,ND_NODENO,DE_DEVICEID,DO_DOORNO,AE_ALARMCODE,AE_INSERTTIME)  Values( '1234567890','20180614','120755',3,'01',1,'s','20180614120755399')
2018-06-14 12:08:24:034> DBError('TB_ALARMEVENT' 출력 테이블을 찾을 수 없습니다) Insert Into TB_ALARMEVENT ( GROUP_CODE,AE_DATE,AE_TIME,ND_NODENO,DE_DEVICEID,DO_DOORNO,AE_ALARMCODE,AE_INSERTTIME)  Values( '1234567890','20180614','120824',3,'01',1,'s','20180614120824025')
2018-06-14 12:09:58:510> DBError('TB_ALARMEVENT' 출력 테이블을 찾을 수 없습니다) Insert Into TB_ALARMEVENT ( GROUP_CODE,AE_DATE,AE_TIME,ND_NODENO,DE_DEVICEID,DO_DOORNO,AE_ALARMCODE,AE_INSERTTIME)  Values( '1234567890','20180614','120958',3,'01',1,'u','20180614120958498')
2018-06-14 12:11:19:851> DBError('TB_ALARMEVENT' 출력 테이블을 찾을 수 없습니다) Insert Into TB_ALARMEVENT ( GROUP_CODE,AE_DATE,AE_TIME,ND_NODENO,DE_DEVICEID,DO_DOORNO,AE_ALARMCODE,AE_INSERTTIME)  Values( '1234567890','20180614','121119',3,'01',1,'q','20180614121119837')
2018-06-14 12:11:23:565> DBError('TB_ALARMEVENT' 출력 테이블을 찾을 수 없습니다) Insert Into TB_ALARMEVENT ( GROUP_CODE,AE_DATE,AE_TIME,ND_NODENO,DE_DEVICEID,DO_DOORNO,AE_ALARMCODE,AE_INSERTTIME)  Values( '1234567890','20180614','121123',3,'01',1,'r','20180614121123550')
2018-06-14 12:11:38:807> DBError('TB_ALARMEVENT' 출력 테이블을 찾을 수 없습니다) Insert Into TB_ALARMEVENT ( GROUP_CODE,AE_DATE,AE_TIME,ND_NODENO,DE_DEVICEID,DO_DOORNO,AE_ALARMCODE,AE_INSERTTIME)  Values( '1234567890','20180614','121138',3,'01',1,'q','20180614121138790')
2018-06-14 12:11:39:935> DBError('TB_ALARMEVENT' 출력 테이블을 찾을 수 없습니다) Insert Into TB_ALARMEVENT ( GROUP_CODE,AE_DATE,AE_TIME,ND_NODENO,DE_DEVICEID,DO_DOORNO,AE_ALARMCODE,AE_INSERTTIME)  Values( '1234567890','20180614','121139',3,'01',1,'r','20180614121139924')
2018-06-14 12:13:52:993> DBError('TB_ALARMEVENT' 출력 테이블을 찾을 수 없습니다) Insert Into TB_ALARMEVENT ( GROUP_CODE,AE_DATE,AE_TIME,ND_NODENO,DE_DEVICEID,DO_DOORNO,AE_ALARMCODE,AE_INSERTTIME)  Values( '1234567890','20180614','121352',3,'01',1,'w','20180614121352940')
2018-06-14 12:20:21:512> DBError('TB_ALARMEVENT' 출력 테이블을 찾을 수 없습니다) Insert Into TB_ALARMEVENT ( GROUP_CODE,AE_DATE,AE_TIME,ND_NODENO,DE_DEVICEID,DO_DOORNO,AE_ALARMCODE,AE_INSERTTIME)  Values( '1234567890','20180614','122021',3,'01',1,'u','20180614122021449')
2018-06-14 12:20:21:791> DBError('TB_ALARMEVENT' 출력 테이블을 찾을 수 없습니다) Insert Into TB_ALARMEVENT ( GROUP_CODE,AE_DATE,AE_TIME,ND_NODENO,DE_DEVICEID,DO_DOORNO,AE_ALARMCODE,AE_INSERTTIME)  Values( '1234567890','20180614','122021',3,'01',1,'w','20180614122021774')
2018-06-14 12:26:39:573> DBError('TB_ALARMEVENT' 출력 테이블을 찾을 수 없습니다) Insert Into TB_ALARMEVENT ( GROUP_CODE,AE_DATE,AE_TIME,ND_NODENO,DE_DEVICEID,DO_DOORNO,AE_ALARMCODE,AE_INSERTTIME)  Values( '1234567890','20180614','122635',3,'01',1,'s','20180614122639544')
2018-06-14 12:26:39:989> DBError('TB_ALARMEVENT' 출력 테이블을 찾을 수 없습니다) Insert Into TB_ALARMEVENT ( GROUP_CODE,AE_DATE,AE_TIME,ND_NODENO,DE_DEVICEID,DO_DOORNO,AE_ALARMCODE,AE_INSERTTIME)  Values( '1234567890','20180614','122639',3,'01',1,'s','20180614122639975')
2018-06-14 12:26:49:819> DBError('TB_ALARMEVENT' 출력 테이블을 찾을 수 없습니다) Insert Into TB_ALARMEVENT ( GROUP_CODE,AE_DATE,AE_TIME,ND_NODENO,DE_DEVICEID,DO_DOORNO,AE_ALARMCODE,AE_INSERTTIME)  Values( '1234567890','20180614','122649',3,'01',1,'u','20180614122649800')
2018-06-14 12:26:50:958> DBError('TB_ALARMEVENT' 출력 테이블을 찾을 수 없습니다) Insert Into TB_ALARMEVENT ( GROUP_CODE,AE_DATE,AE_TIME,ND_NODENO,DE_DEVICEID,DO_DOORNO,AE_ALARMCODE,AE_INSERTTIME)  Values( '1234567890','20180614','122650',3,'01',1,'w','20180614122650942')
2018-06-14 12:26:53:238> DBError('TB_ALARMEVENT' 출력 테이블을 찾을 수 없습니다) Insert Into TB_ALARMEVENT ( GROUP_CODE,AE_DATE,AE_TIME,ND_NODENO,DE_DEVICEID,DO_DOORNO,AE_ALARMCODE,AE_INSERTTIME)  Values( '1234567890','20180614','122653',3,'01',1,'u','20180614122653226')
2018-06-14 12:26:54:177> DBError('TB_ALARMEVENT' 출력 테이블을 찾을 수 없습니다) Insert Into TB_ALARMEVENT ( GROUP_CODE,AE_DATE,AE_TIME,ND_NODENO,DE_DEVICEID,DO_DOORNO,AE_ALARMCODE,AE_INSERTTIME)  Values( '1234567890','20180614','122654',3,'01',1,'w','20180614122654163')
2018-06-14 12:27:13:147> DBError('TB_ALARMEVENT' 출력 테이블을 찾을 수 없습니다) Insert Into TB_ALARMEVENT ( GROUP_CODE,AE_DATE,AE_TIME,ND_NODENO,DE_DEVICEID,DO_DOORNO,AE_ALARMCODE,AE_INSERTTIME)  Values( '1234567890','20180614','122713',3,'01',1,'u','20180614122713125')
2018-06-14 12:27:13:954> DBError('TB_ALARMEVENT' 출력 테이블을 찾을 수 없습니다) Insert Into TB_ALARMEVENT ( GROUP_CODE,AE_DATE,AE_TIME,ND_NODENO,DE_DEVICEID,DO_DOORNO,AE_ALARMCODE,AE_INSERTTIME)  Values( '1234567890','20180614','122713',3,'01',1,'w','20180614122713944')
2018-06-14 12:32:46:087> DBError('TB_ALARMEVENT' 출력 테이블을 찾을 수 없습니다) Insert Into TB_ALARMEVENT ( GROUP_CODE,AE_DATE,AE_TIME,ND_NODENO,DE_DEVICEID,DO_DOORNO,AE_ALARMCODE,AE_INSERTTIME)  Values( '1234567890','20180614','123246',3,'01',1,'u','20180614123246046')
2018-06-14 12:32:46:318> DBError('TB_ALARMEVENT' 출력 테이블을 찾을 수 없습니다) Insert Into TB_ALARMEVENT ( GROUP_CODE,AE_DATE,AE_TIME,ND_NODENO,DE_DEVICEID,DO_DOORNO,AE_ALARMCODE,AE_INSERTTIME)  Values( '1234567890','20180614','123246',3,'01',1,'w','20180614123246306')
2018-06-14 12:32:57:446> DBError('TB_ALARMEVENT' 출력 테이블을 찾을 수 없습니다) Insert Into TB_ALARMEVENT ( GROUP_CODE,AE_DATE,AE_TIME,ND_NODENO,DE_DEVICEID,DO_DOORNO,AE_ALARMCODE,AE_INSERTTIME)  Values( '1234567890','20180614','123257',3,'01',1,'u','20180614123257437')
2018-06-14 12:32:58:488> DBError('TB_ALARMEVENT' 출력 테이블을 찾을 수 없습니다) Insert Into TB_ALARMEVENT ( GROUP_CODE,AE_DATE,AE_TIME,ND_NODENO,DE_DEVICEID,DO_DOORNO,AE_ALARMCODE,AE_INSERTTIME)  Values( '1234567890','20180614','123258',3,'01',1,'w','20180614123258478')
2018-06-14 12:32:59:456> DBError('TB_ALARMEVENT' 출력 테이블을 찾을 수 없습니다) Insert Into TB_ALARMEVENT ( GROUP_CODE,AE_DATE,AE_TIME,ND_NODENO,DE_DEVICEID,DO_DOORNO,AE_ALARMCODE,AE_INSERTTIME)  Values( '1234567890','20180614','123259',3,'01',1,'u','20180614123259447')
2018-06-14 12:33:00:562> DBError('TB_ALARMEVENT' 출력 테이블을 찾을 수 없습니다) Insert Into TB_ALARMEVENT ( GROUP_CODE,AE_DATE,AE_TIME,ND_NODENO,DE_DEVICEID,DO_DOORNO,AE_ALARMCODE,AE_INSERTTIME)  Values( '1234567890','20180614','123300',3,'01',1,'w','20180614123300532')
2018-06-14 12:33:57:188> DBError('TB_ALARMEVENT' 출력 테이블을 찾을 수 없습니다) Insert Into TB_ALARMEVENT ( GROUP_CODE,AE_DATE,AE_TIME,ND_NODENO,DE_DEVICEID,DO_DOORNO,AE_ALARMCODE,AE_INSERTTIME)  Values( '1234567890','20180614','123357',3,'01',1,'u','20180614123357169')
2018-06-14 12:33:58:099> DBError('TB_ALARMEVENT' 출력 테이블을 찾을 수 없습니다) Insert Into TB_ALARMEVENT ( GROUP_CODE,AE_DATE,AE_TIME,ND_NODENO,DE_DEVICEID,DO_DOORNO,AE_ALARMCODE,AE_INSERTTIME)  Values( '1234567890','20180614','123358',3,'01',1,'w','20180614123358085')
2018-06-14 13:10:23:249> DBError('TB_ALARMEVENT' 출력 테이블을 찾을 수 없습니다) Insert Into TB_ALARMEVENT ( GROUP_CODE,AE_DATE,AE_TIME,ND_NODENO,DE_DEVICEID,DO_DOORNO,AE_ALARMCODE,AE_INSERTTIME)  Values( '1234567890','20180614','131023',3,'01',1,'w','20180614131023189')
2018-06-14 13:11:02:334> DBError('TB_ALARMEVENT' 출력 테이블을 찾을 수 없습니다) Insert Into TB_ALARMEVENT ( GROUP_CODE,AE_DATE,AE_TIME,ND_NODENO,DE_DEVICEID,DO_DOORNO,AE_ALARMCODE,AE_INSERTTIME)  Values( '1234567890','20180614','131102',3,'01',1,'w','20180614131102248')
2018-06-14 13:12:11:591> DBError('TB_ALARMEVENT' 출력 테이블을 찾을 수 없습니다) Insert Into TB_ALARMEVENT ( GROUP_CODE,AE_DATE,AE_TIME,ND_NODENO,DE_DEVICEID,DO_DOORNO,AE_ALARMCODE,AE_INSERTTIME)  Values( '1234567890','20180614','131211',3,'01',1,'w','20180614131211579')
2018-06-14 13:17:23:951> DBError('TB_ALARMEVENT' 출력 테이블을 찾을 수 없습니다) Insert Into TB_ALARMEVENT ( GROUP_CODE,AE_DATE,AE_TIME,ND_NODENO,DE_DEVICEID,DO_DOORNO,AE_ALARMCODE,AE_INSERTTIME)  Values( '1234567890','20180614','131723',3,'01',1,'w','20180614131723745')
2018-06-14 13:25:18:367> DBError('TB_ALARMEVENT' 출력 테이블을 찾을 수 없습니다) Insert Into TB_ALARMEVENT ( GROUP_CODE,AE_DATE,AE_TIME,ND_NODENO,DE_DEVICEID,DO_DOORNO,AE_ALARMCODE,AE_INSERTTIME)  Values( '1234567890','20180614','132518',3,'01',1,'w','20180614132518355')
2018-06-14 13:26:04:061> DBError('TB_ALARMEVENT' 출력 테이블을 찾을 수 없습니다) Insert Into TB_ALARMEVENT ( GROUP_CODE,AE_DATE,AE_TIME,ND_NODENO,DE_DEVICEID,DO_DOORNO,AE_ALARMCODE,AE_INSERTTIME)  Values( '1234567890','20180614','132603',3,'01',1,'w','20180614132603988')
2018-06-14 14:01:48:129> DBError('TB_ALARMEVENT' 출력 테이블을 찾을 수 없습니다) Insert Into TB_ALARMEVENT ( GROUP_CODE,AE_DATE,AE_TIME,ND_NODENO,DE_ECUID,DO_DOORNO,AE_ALARMCODE,AE_INSERTTIME)  Values( '1234567890','20180614','140148',3,'01',1,'w','20180614140148099')
