2018-07-12 11:27:52:836> DBError('TB_DOOR' 테이블에 'DO_CurX' 필드가 이미 있습니다)ALTER TABLE TB_DOOR ADD DO_CurX integer NULL 
2018-07-12 11:27:53:044> DBError('TB_DOOR' 테이블에 'DO_CurY' 필드가 이미 있습니다)ALTER TABLE TB_DOOR ADD DO_CurY integer NULL 
2018-07-12 11:27:53:148> DBError('TB_DOOR' 테이블에 'DO_TOTHEIGHT' 필드가 이미 있습니다)ALTER TABLE TB_DOOR ADD DO_TOTHEIGHT integer NULL 
2018-07-12 11:27:53:281> DBError('TB_DOOR' 테이블에 'DO_TOTWIDTH' 필드가 이미 있습니다)ALTER TABLE TB_DOOR ADD DO_TOTWIDTH integer NULL 
2018-07-12 11:33:30:826> DBError('TB_DOOR' 테이블에 'DO_CurX' 필드가 이미 있습니다)ALTER TABLE TB_DOOR ADD DO_CurX integer NULL 
2018-07-12 11:33:30:876> DBError('TB_DOOR' 테이블에 'DO_CurY' 필드가 이미 있습니다)ALTER TABLE TB_DOOR ADD DO_CurY integer NULL 
2018-07-12 11:33:30:889> DBError('TB_DOOR' 테이블에 'DO_TOTHEIGHT' 필드가 이미 있습니다)ALTER TABLE TB_DOOR ADD DO_TOTHEIGHT integer NULL 
2018-07-12 11:33:30:900> DBError('TB_DOOR' 테이블에 'DO_TOTWIDTH' 필드가 이미 있습니다)ALTER TABLE TB_DOOR ADD DO_TOTWIDTH integer NULL 
2018-07-12 11:34:18:905> DBError('TB_DOOR' 테이블에 'DO_CurX' 필드가 이미 있습니다)ALTER TABLE TB_DOOR ADD DO_CurX integer NULL 
2018-07-12 11:34:18:917> DBError('TB_DOOR' 테이블에 'DO_CurY' 필드가 이미 있습니다)ALTER TABLE TB_DOOR ADD DO_CurY integer NULL 
2018-07-12 11:34:18:928> DBError('TB_DOOR' 테이블에 'DO_TOTHEIGHT' 필드가 이미 있습니다)ALTER TABLE TB_DOOR ADD DO_TOTHEIGHT integer NULL 
2018-07-12 11:34:18:940> DBError('TB_DOOR' 테이블에 'DO_TOTWIDTH' 필드가 이미 있습니다)ALTER TABLE TB_DOOR ADD DO_TOTWIDTH integer NULL 
2018-07-12 12:27:06:804> DBError('TB_DOOR' 테이블에 'DO_CurX' 필드가 이미 있습니다)ALTER TABLE TB_DOOR ADD DO_CurX integer NULL 
2018-07-12 12:27:06:947> DBError('TB_DOOR' 테이블에 'DO_CurY' 필드가 이미 있습니다)ALTER TABLE TB_DOOR ADD DO_CurY integer NULL 
2018-07-12 12:27:06:973> DBError('TB_DOOR' 테이블에 'DO_TOTHEIGHT' 필드가 이미 있습니다)ALTER TABLE TB_DOOR ADD DO_TOTHEIGHT integer NULL 
2018-07-12 12:27:06:994> DBError('TB_DOOR' 테이블에 'DO_TOTWIDTH' 필드가 이미 있습니다)ALTER TABLE TB_DOOR ADD DO_TOTWIDTH integer NULL 
2018-07-12 12:28:01:903> DBError('TB_DOOR' 테이블에 'DO_CurX' 필드가 이미 있습니다)ALTER TABLE TB_DOOR ADD DO_CurX integer NULL 
2018-07-12 12:28:01:914> DBError('TB_DOOR' 테이블에 'DO_CurY' 필드가 이미 있습니다)ALTER TABLE TB_DOOR ADD DO_CurY integer NULL 
2018-07-12 12:28:01:928> DBError('TB_DOOR' 테이블에 'DO_TOTHEIGHT' 필드가 이미 있습니다)ALTER TABLE TB_DOOR ADD DO_TOTHEIGHT integer NULL 
2018-07-12 12:28:01:939> DBError('TB_DOOR' 테이블에 'DO_TOTWIDTH' 필드가 이미 있습니다)ALTER TABLE TB_DOOR ADD DO_TOTWIDTH integer NULL 
2018-07-12 12:29:15:061> DBError('TB_DOOR' 테이블에 'DO_CurX' 필드가 이미 있습니다)ALTER TABLE TB_DOOR ADD DO_CurX integer NULL 
2018-07-12 12:29:15:074> DBError('TB_DOOR' 테이블에 'DO_CurY' 필드가 이미 있습니다)ALTER TABLE TB_DOOR ADD DO_CurY integer NULL 
2018-07-12 12:29:15:085> DBError('TB_DOOR' 테이블에 'DO_TOTHEIGHT' 필드가 이미 있습니다)ALTER TABLE TB_DOOR ADD DO_TOTHEIGHT integer NULL 
2018-07-12 12:29:15:095> DBError('TB_DOOR' 테이블에 'DO_TOTWIDTH' 필드가 이미 있습니다)ALTER TABLE TB_DOOR ADD DO_TOTWIDTH integer NULL 
2018-07-12 12:51:48:858> DBError('TB_DOOR' 테이블에 'DO_CurX' 필드가 이미 있습니다)ALTER TABLE TB_DOOR ADD DO_CurX integer NULL 
2018-07-12 12:51:48:972> DBError('TB_DOOR' 테이블에 'DO_CurY' 필드가 이미 있습니다)ALTER TABLE TB_DOOR ADD DO_CurY integer NULL 
2018-07-12 12:51:48:990> DBError('TB_DOOR' 테이블에 'DO_TOTHEIGHT' 필드가 이미 있습니다)ALTER TABLE TB_DOOR ADD DO_TOTHEIGHT integer NULL 
2018-07-12 12:51:49:006> DBError('TB_DOOR' 테이블에 'DO_TOTWIDTH' 필드가 이미 있습니다)ALTER TABLE TB_DOOR ADD DO_TOTWIDTH integer NULL 
2018-07-12 13:21:20:485> DBError('TB_DOOR' 테이블에 'DO_CurX' 필드가 이미 있습니다)ALTER TABLE TB_DOOR ADD DO_CurX integer NULL 
2018-07-12 13:21:20:616> DBError('TB_DOOR' 테이블에 'DO_CurY' 필드가 이미 있습니다)ALTER TABLE TB_DOOR ADD DO_CurY integer NULL 
2018-07-12 13:21:20:630> DBError('TB_DOOR' 테이블에 'DO_TOTHEIGHT' 필드가 이미 있습니다)ALTER TABLE TB_DOOR ADD DO_TOTHEIGHT integer NULL 
2018-07-12 13:21:20:644> DBError('TB_DOOR' 테이블에 'DO_TOTWIDTH' 필드가 이미 있습니다)ALTER TABLE TB_DOOR ADD DO_TOTWIDTH integer NULL 
2018-07-12 13:37:00:898> DBError('TB_DOOR' 테이블에 'DO_CurX' 필드가 이미 있습니다)ALTER TABLE TB_DOOR ADD DO_CurX integer NULL 
2018-07-12 13:37:00:911> DBError('TB_DOOR' 테이블에 'DO_CurY' 필드가 이미 있습니다)ALTER TABLE TB_DOOR ADD DO_CurY integer NULL 
2018-07-12 13:37:00:925> DBError('TB_DOOR' 테이블에 'DO_TOTHEIGHT' 필드가 이미 있습니다)ALTER TABLE TB_DOOR ADD DO_TOTHEIGHT integer NULL 
2018-07-12 13:37:00:939> DBError('TB_DOOR' 테이블에 'DO_TOTWIDTH' 필드가 이미 있습니다)ALTER TABLE TB_DOOR ADD DO_TOTWIDTH integer NULL 
2018-07-12 14:08:44:220> DBError('TB_DOOR' 테이블에 'DO_CurX' 필드가 이미 있습니다)ALTER TABLE TB_DOOR ADD DO_CurX integer NULL 
2018-07-12 14:08:44:278> DBError('TB_DOOR' 테이블에 'DO_CurY' 필드가 이미 있습니다)ALTER TABLE TB_DOOR ADD DO_CurY integer NULL 
2018-07-12 14:08:44:293> DBError('TB_DOOR' 테이블에 'DO_TOTHEIGHT' 필드가 이미 있습니다)ALTER TABLE TB_DOOR ADD DO_TOTHEIGHT integer NULL 
2018-07-12 14:08:44:308> DBError('TB_DOOR' 테이블에 'DO_TOTWIDTH' 필드가 이미 있습니다)ALTER TABLE TB_DOOR ADD DO_TOTWIDTH integer NULL 
2018-07-12 14:15:46:536> DBError('TB_DOOR' 테이블에 'DO_CurX' 필드가 이미 있습니다)ALTER TABLE TB_DOOR ADD DO_CurX integer NULL 
2018-07-12 14:15:46:547> DBError('TB_DOOR' 테이블에 'DO_CurY' 필드가 이미 있습니다)ALTER TABLE TB_DOOR ADD DO_CurY integer NULL 
2018-07-12 14:15:46:556> DBError('TB_DOOR' 테이블에 'DO_TOTHEIGHT' 필드가 이미 있습니다)ALTER TABLE TB_DOOR ADD DO_TOTHEIGHT integer NULL 
2018-07-12 14:15:46:566> DBError('TB_DOOR' 테이블에 'DO_TOTWIDTH' 필드가 이미 있습니다)ALTER TABLE TB_DOOR ADD DO_TOTWIDTH integer NULL 
2018-07-12 14:32:31:963> DBError('TB_DOOR' 테이블에 'DO_CurX' 필드가 이미 있습니다)ALTER TABLE TB_DOOR ADD DO_CurX integer NULL 
2018-07-12 14:32:31:978> DBError('TB_DOOR' 테이블에 'DO_CurY' 필드가 이미 있습니다)ALTER TABLE TB_DOOR ADD DO_CurY integer NULL 
2018-07-12 14:32:31:989> DBError('TB_DOOR' 테이블에 'DO_TOTHEIGHT' 필드가 이미 있습니다)ALTER TABLE TB_DOOR ADD DO_TOTHEIGHT integer NULL 
2018-07-12 14:32:31:999> DBError('TB_DOOR' 테이블에 'DO_TOTWIDTH' 필드가 이미 있습니다)ALTER TABLE TB_DOOR ADD DO_TOTWIDTH integer NULL 
2018-07-12 14:33:42:874> DBError('TB_DOOR' 테이블에 'DO_CurX' 필드가 이미 있습니다)ALTER TABLE TB_DOOR ADD DO_CurX integer NULL 
2018-07-12 14:33:42:885> DBError('TB_DOOR' 테이블에 'DO_CurY' 필드가 이미 있습니다)ALTER TABLE TB_DOOR ADD DO_CurY integer NULL 
2018-07-12 14:33:42:896> DBError('TB_DOOR' 테이블에 'DO_TOTHEIGHT' 필드가 이미 있습니다)ALTER TABLE TB_DOOR ADD DO_TOTHEIGHT integer NULL 
2018-07-12 14:33:42:907> DBError('TB_DOOR' 테이블에 'DO_TOTWIDTH' 필드가 이미 있습니다)ALTER TABLE TB_DOOR ADD DO_TOTWIDTH integer NULL 
2018-07-12 14:40:12:875> DBError('TB_DOOR' 테이블에 'DO_CurX' 필드가 이미 있습니다)ALTER TABLE TB_DOOR ADD DO_CurX integer NULL 
2018-07-12 14:40:12:887> DBError('TB_DOOR' 테이블에 'DO_CurY' 필드가 이미 있습니다)ALTER TABLE TB_DOOR ADD DO_CurY integer NULL 
2018-07-12 14:40:12:898> DBError('TB_DOOR' 테이블에 'DO_TOTHEIGHT' 필드가 이미 있습니다)ALTER TABLE TB_DOOR ADD DO_TOTHEIGHT integer NULL 
2018-07-12 14:40:12:909> DBError('TB_DOOR' 테이블에 'DO_TOTWIDTH' 필드가 이미 있습니다)ALTER TABLE TB_DOOR ADD DO_TOTWIDTH integer NULL 
2018-07-12 14:49:22:696> DBError('TB_DOOR' 테이블에 'DO_CurX' 필드가 이미 있습니다)ALTER TABLE TB_DOOR ADD DO_CurX integer NULL 
2018-07-12 14:49:22:706> DBError('TB_DOOR' 테이블에 'DO_CurY' 필드가 이미 있습니다)ALTER TABLE TB_DOOR ADD DO_CurY integer NULL 
2018-07-12 14:49:22:719> DBError('TB_DOOR' 테이블에 'DO_TOTHEIGHT' 필드가 이미 있습니다)ALTER TABLE TB_DOOR ADD DO_TOTHEIGHT integer NULL 
2018-07-12 14:49:22:733> DBError('TB_DOOR' 테이블에 'DO_TOTWIDTH' 필드가 이미 있습니다)ALTER TABLE TB_DOOR ADD DO_TOTWIDTH integer NULL 
2018-07-12 14:50:33:604> DBError('TB_DOOR' 테이블에 'DO_CurX' 필드가 이미 있습니다)ALTER TABLE TB_DOOR ADD DO_CurX integer NULL 
2018-07-12 14:50:33:617> DBError('TB_DOOR' 테이블에 'DO_CurY' 필드가 이미 있습니다)ALTER TABLE TB_DOOR ADD DO_CurY integer NULL 
2018-07-12 14:50:33:627> DBError('TB_DOOR' 테이블에 'DO_TOTHEIGHT' 필드가 이미 있습니다)ALTER TABLE TB_DOOR ADD DO_TOTHEIGHT integer NULL 
2018-07-12 14:50:33:643> DBError('TB_DOOR' 테이블에 'DO_TOTWIDTH' 필드가 이미 있습니다)ALTER TABLE TB_DOOR ADD DO_TOTWIDTH integer NULL 
2018-07-12 14:54:22:112> DBError('TB_DOOR' 테이블에 'DO_CurX' 필드가 이미 있습니다)ALTER TABLE TB_DOOR ADD DO_CurX integer NULL 
2018-07-12 14:54:22:127> DBError('TB_DOOR' 테이블에 'DO_CurY' 필드가 이미 있습니다)ALTER TABLE TB_DOOR ADD DO_CurY integer NULL 
2018-07-12 14:54:22:144> DBError('TB_DOOR' 테이블에 'DO_TOTHEIGHT' 필드가 이미 있습니다)ALTER TABLE TB_DOOR ADD DO_TOTHEIGHT integer NULL 
2018-07-12 14:54:22:167> DBError('TB_DOOR' 테이블에 'DO_TOTWIDTH' 필드가 이미 있습니다)ALTER TABLE TB_DOOR ADD DO_TOTWIDTH integer NULL 
2018-07-12 14:55:13:148> DBError('TB_DOOR' 테이블에 'DO_CurX' 필드가 이미 있습니다)ALTER TABLE TB_DOOR ADD DO_CurX integer NULL 
2018-07-12 14:55:13:166> DBError('TB_DOOR' 테이블에 'DO_CurY' 필드가 이미 있습니다)ALTER TABLE TB_DOOR ADD DO_CurY integer NULL 
2018-07-12 14:55:13:179> DBError('TB_DOOR' 테이블에 'DO_TOTHEIGHT' 필드가 이미 있습니다)ALTER TABLE TB_DOOR ADD DO_TOTHEIGHT integer NULL 
2018-07-12 14:55:13:194> DBError('TB_DOOR' 테이블에 'DO_TOTWIDTH' 필드가 이미 있습니다)ALTER TABLE TB_DOOR ADD DO_TOTWIDTH integer NULL 
2018-07-12 15:01:24:974> DBError('TB_DOOR' 테이블에 'DO_CurX' 필드가 이미 있습니다)ALTER TABLE TB_DOOR ADD DO_CurX integer NULL 
2018-07-12 15:01:24:988> DBError('TB_DOOR' 테이블에 'DO_CurY' 필드가 이미 있습니다)ALTER TABLE TB_DOOR ADD DO_CurY integer NULL 
2018-07-12 15:01:25:010> DBError('TB_DOOR' 테이블에 'DO_TOTHEIGHT' 필드가 이미 있습니다)ALTER TABLE TB_DOOR ADD DO_TOTHEIGHT integer NULL 
2018-07-12 15:01:25:028> DBError('TB_DOOR' 테이블에 'DO_TOTWIDTH' 필드가 이미 있습니다)ALTER TABLE TB_DOOR ADD DO_TOTWIDTH integer NULL 
2018-07-12 15:03:06:907> DBError('TB_DOOR' 테이블에 'DO_CurX' 필드가 이미 있습니다)ALTER TABLE TB_DOOR ADD DO_CurX integer NULL 
2018-07-12 15:03:06:922> DBError('TB_DOOR' 테이블에 'DO_CurY' 필드가 이미 있습니다)ALTER TABLE TB_DOOR ADD DO_CurY integer NULL 
2018-07-12 15:03:06:936> DBError('TB_DOOR' 테이블에 'DO_TOTHEIGHT' 필드가 이미 있습니다)ALTER TABLE TB_DOOR ADD DO_TOTHEIGHT integer NULL 
2018-07-12 15:03:06:948> DBError('TB_DOOR' 테이블에 'DO_TOTWIDTH' 필드가 이미 있습니다)ALTER TABLE TB_DOOR ADD DO_TOTWIDTH integer NULL 
2018-07-12 15:23:50:100> DBError('TB_DOOR' 테이블에 'DO_CurX' 필드가 이미 있습니다)ALTER TABLE TB_DOOR ADD DO_CurX integer NULL 
2018-07-12 15:23:50:104> DBError('TB_DOOR' 테이블에 'DO_CurY' 필드가 이미 있습니다)ALTER TABLE TB_DOOR ADD DO_CurY integer NULL 
2018-07-12 15:23:50:118> DBError('TB_DOOR' 테이블에 'DO_TOTHEIGHT' 필드가 이미 있습니다)ALTER TABLE TB_DOOR ADD DO_TOTHEIGHT integer NULL 
2018-07-12 15:23:50:122> DBError('TB_DOOR' 테이블에 'DO_TOTWIDTH' 필드가 이미 있습니다)ALTER TABLE TB_DOOR ADD DO_TOTWIDTH integer NULL 
2018-07-12 15:26:21:926> DBError('TB_DOOR' 테이블에 'DO_CurX' 필드가 이미 있습니다)ALTER TABLE TB_DOOR ADD DO_CurX integer NULL 
2018-07-12 15:26:21:940> DBError('TB_DOOR' 테이블에 'DO_CurY' 필드가 이미 있습니다)ALTER TABLE TB_DOOR ADD DO_CurY integer NULL 
2018-07-12 15:26:21:952> DBError('TB_DOOR' 테이블에 'DO_TOTHEIGHT' 필드가 이미 있습니다)ALTER TABLE TB_DOOR ADD DO_TOTHEIGHT integer NULL 
2018-07-12 15:26:21:965> DBError('TB_DOOR' 테이블에 'DO_TOTWIDTH' 필드가 이미 있습니다)ALTER TABLE TB_DOOR ADD DO_TOTWIDTH integer NULL 
2018-07-12 15:26:50:188> DBError('TB_DOOR' 테이블에 'DO_CurX' 필드가 이미 있습니다)ALTER TABLE TB_DOOR ADD DO_CurX integer NULL 
2018-07-12 15:26:50:204> DBError('TB_DOOR' 테이블에 'DO_CurY' 필드가 이미 있습니다)ALTER TABLE TB_DOOR ADD DO_CurY integer NULL 
2018-07-12 15:26:50:215> DBError('TB_DOOR' 테이블에 'DO_TOTHEIGHT' 필드가 이미 있습니다)ALTER TABLE TB_DOOR ADD DO_TOTHEIGHT integer NULL 
2018-07-12 15:26:50:226> DBError('TB_DOOR' 테이블에 'DO_TOTWIDTH' 필드가 이미 있습니다)ALTER TABLE TB_DOOR ADD DO_TOTWIDTH integer NULL 
2018-07-12 15:27:19:698> DBError('TB_DOOR' 테이블에 'DO_CurX' 필드가 이미 있습니다)ALTER TABLE TB_DOOR ADD DO_CurX integer NULL 
2018-07-12 15:27:19:714> DBError('TB_DOOR' 테이블에 'DO_CurY' 필드가 이미 있습니다)ALTER TABLE TB_DOOR ADD DO_CurY integer NULL 
2018-07-12 15:27:19:725> DBError('TB_DOOR' 테이블에 'DO_TOTHEIGHT' 필드가 이미 있습니다)ALTER TABLE TB_DOOR ADD DO_TOTHEIGHT integer NULL 
2018-07-12 15:27:19:738> DBError('TB_DOOR' 테이블에 'DO_TOTWIDTH' 필드가 이미 있습니다)ALTER TABLE TB_DOOR ADD DO_TOTWIDTH integer NULL 
2018-07-12 15:27:32:568> DBError('TB_DOOR' 테이블에 'DO_CurX' 필드가 이미 있습니다)ALTER TABLE TB_DOOR ADD DO_CurX integer NULL 
2018-07-12 15:27:32:572> DBError('TB_DOOR' 테이블에 'DO_CurY' 필드가 이미 있습니다)ALTER TABLE TB_DOOR ADD DO_CurY integer NULL 
2018-07-12 15:27:32:575> DBError('TB_DOOR' 테이블에 'DO_TOTHEIGHT' 필드가 이미 있습니다)ALTER TABLE TB_DOOR ADD DO_TOTHEIGHT integer NULL 
2018-07-12 15:27:32:578> DBError('TB_DOOR' 테이블에 'DO_TOTWIDTH' 필드가 이미 있습니다)ALTER TABLE TB_DOOR ADD DO_TOTWIDTH integer NULL 
2018-07-12 15:36:01:744> DBError('TB_DOOR' 테이블에 'DO_CurX' 필드가 이미 있습니다)ALTER TABLE TB_DOOR ADD DO_CurX integer NULL 
2018-07-12 15:36:01:871> DBError('TB_DOOR' 테이블에 'DO_CurY' 필드가 이미 있습니다)ALTER TABLE TB_DOOR ADD DO_CurY integer NULL 
2018-07-12 15:36:01:885> DBError('TB_DOOR' 테이블에 'DO_TOTHEIGHT' 필드가 이미 있습니다)ALTER TABLE TB_DOOR ADD DO_TOTHEIGHT integer NULL 
2018-07-12 15:36:01:900> DBError('TB_DOOR' 테이블에 'DO_TOTWIDTH' 필드가 이미 있습니다)ALTER TABLE TB_DOOR ADD DO_TOTWIDTH integer NULL 
2018-07-12 15:38:59:142> DBError('TB_DOOR' 테이블에 'DO_CurX' 필드가 이미 있습니다)ALTER TABLE TB_DOOR ADD DO_CurX integer NULL 
2018-07-12 15:38:59:152> DBError('TB_DOOR' 테이블에 'DO_CurY' 필드가 이미 있습니다)ALTER TABLE TB_DOOR ADD DO_CurY integer NULL 
2018-07-12 15:38:59:162> DBError('TB_DOOR' 테이블에 'DO_TOTHEIGHT' 필드가 이미 있습니다)ALTER TABLE TB_DOOR ADD DO_TOTHEIGHT integer NULL 
2018-07-12 15:38:59:172> DBError('TB_DOOR' 테이블에 'DO_TOTWIDTH' 필드가 이미 있습니다)ALTER TABLE TB_DOOR ADD DO_TOTWIDTH integer NULL 
2018-07-12 15:40:12:438> DBError('TB_DOOR' 테이블에 'DO_CurX' 필드가 이미 있습니다)ALTER TABLE TB_DOOR ADD DO_CurX integer NULL 
2018-07-12 15:40:12:451> DBError('TB_DOOR' 테이블에 'DO_CurY' 필드가 이미 있습니다)ALTER TABLE TB_DOOR ADD DO_CurY integer NULL 
2018-07-12 15:40:12:589> DBError('TB_DOOR' 테이블에 'DO_TOTHEIGHT' 필드가 이미 있습니다)ALTER TABLE TB_DOOR ADD DO_TOTHEIGHT integer NULL 
2018-07-12 15:40:12:611> DBError('TB_DOOR' 테이블에 'DO_TOTWIDTH' 필드가 이미 있습니다)ALTER TABLE TB_DOOR ADD DO_TOTWIDTH integer NULL 
2018-07-12 15:54:43:224> DBError('TB_DOOR' 테이블에 'DO_CurX' 필드가 이미 있습니다)ALTER TABLE TB_DOOR ADD DO_CurX integer NULL 
2018-07-12 15:54:43:301> DBError('TB_DOOR' 테이블에 'DO_CurY' 필드가 이미 있습니다)ALTER TABLE TB_DOOR ADD DO_CurY integer NULL 
2018-07-12 15:54:43:316> DBError('TB_DOOR' 테이블에 'DO_TOTHEIGHT' 필드가 이미 있습니다)ALTER TABLE TB_DOOR ADD DO_TOTHEIGHT integer NULL 
2018-07-12 15:54:43:328> DBError('TB_DOOR' 테이블에 'DO_TOTWIDTH' 필드가 이미 있습니다)ALTER TABLE TB_DOOR ADD DO_TOTWIDTH integer NULL 
2018-07-12 16:01:53:706> DBError('TB_DOOR' 테이블에 'DO_CurX' 필드가 이미 있습니다)ALTER TABLE TB_DOOR ADD DO_CurX integer NULL 
2018-07-12 16:01:53:717> DBError('TB_DOOR' 테이블에 'DO_CurY' 필드가 이미 있습니다)ALTER TABLE TB_DOOR ADD DO_CurY integer NULL 
2018-07-12 16:01:53:728> DBError('TB_DOOR' 테이블에 'DO_TOTHEIGHT' 필드가 이미 있습니다)ALTER TABLE TB_DOOR ADD DO_TOTHEIGHT integer NULL 
2018-07-12 16:01:53:739> DBError('TB_DOOR' 테이블에 'DO_TOTWIDTH' 필드가 이미 있습니다)ALTER TABLE TB_DOOR ADD DO_TOTWIDTH integer NULL 
2018-07-12 16:07:17:615> DBError('TB_DOOR' 테이블에 'DO_CurX' 필드가 이미 있습니다)ALTER TABLE TB_DOOR ADD DO_CurX integer NULL 
2018-07-12 16:07:17:633> DBError('TB_DOOR' 테이블에 'DO_CurY' 필드가 이미 있습니다)ALTER TABLE TB_DOOR ADD DO_CurY integer NULL 
2018-07-12 16:07:17:647> DBError('TB_DOOR' 테이블에 'DO_TOTHEIGHT' 필드가 이미 있습니다)ALTER TABLE TB_DOOR ADD DO_TOTHEIGHT integer NULL 
2018-07-12 16:07:17:664> DBError('TB_DOOR' 테이블에 'DO_TOTWIDTH' 필드가 이미 있습니다)ALTER TABLE TB_DOOR ADD DO_TOTWIDTH integer NULL 
2018-07-12 16:08:49:866> DBError('TB_DOOR' 테이블에 'DO_CurX' 필드가 이미 있습니다)ALTER TABLE TB_DOOR ADD DO_CurX integer NULL 
2018-07-12 16:08:49:888> DBError('TB_DOOR' 테이블에 'DO_CurY' 필드가 이미 있습니다)ALTER TABLE TB_DOOR ADD DO_CurY integer NULL 
2018-07-12 16:08:49:899> DBError('TB_DOOR' 테이블에 'DO_TOTHEIGHT' 필드가 이미 있습니다)ALTER TABLE TB_DOOR ADD DO_TOTHEIGHT integer NULL 
2018-07-12 16:08:49:916> DBError('TB_DOOR' 테이블에 'DO_TOTWIDTH' 필드가 이미 있습니다)ALTER TABLE TB_DOOR ADD DO_TOTWIDTH integer NULL 
2018-07-12 16:54:13:323> DBError('TB_DOOR' 테이블에 'DO_CurX' 필드가 이미 있습니다)ALTER TABLE TB_DOOR ADD DO_CurX integer NULL 
2018-07-12 16:54:13:386> DBError('TB_DOOR' 테이블에 'DO_CurY' 필드가 이미 있습니다)ALTER TABLE TB_DOOR ADD DO_CurY integer NULL 
2018-07-12 16:54:13:404> DBError('TB_DOOR' 테이블에 'DO_TOTHEIGHT' 필드가 이미 있습니다)ALTER TABLE TB_DOOR ADD DO_TOTHEIGHT integer NULL 
2018-07-12 16:54:13:413> DBError('TB_DOOR' 테이블에 'DO_TOTWIDTH' 필드가 이미 있습니다)ALTER TABLE TB_DOOR ADD DO_TOTWIDTH integer NULL 
2018-07-12 16:54:30:409> DBError(매개 변수 'DO_TOTHEIGHT'에 기본 값이 없습니다) Update TB_DOOR set 'DO_TOTHEIGHT' = '611'  Where GROUP_CODE = '1234567890'  AND ND_NODENO = 001  AND DE_DEVICEID = '01'  AND DO_DOORNO = 1 
2018-07-12 16:54:30:424> DBError(매개 변수 'DO_TOTWIDTH'에 기본 값이 없습니다) Update TB_DOOR set 'DO_TOTWIDTH' = '1408'  Where GROUP_CODE = '1234567890'  AND ND_NODENO = 001  AND DE_DEVICEID = '01'  AND DO_DOORNO = 1 
2018-07-12 16:54:30:438> DBError(매개 변수 'DO_CurX'에 기본 값이 없습니다) Update TB_DOOR set 'DO_CurX' = '616'  Where GROUP_CODE = '1234567890'  AND ND_NODENO = 001  AND DE_DEVICEID = '01'  AND DO_DOORNO = 1 
2018-07-12 16:54:30:454> DBError(매개 변수 'DO_CurY'에 기본 값이 없습니다) Update TB_DOOR set 'DO_CurY' = '250'  Where GROUP_CODE = '1234567890'  AND ND_NODENO = 001  AND DE_DEVICEID = '01'  AND DO_DOORNO = 1 
2018-07-12 16:55:14:920> DBError('TB_DOOR' 테이블에 'DO_CurX' 필드가 이미 있습니다)ALTER TABLE TB_DOOR ADD DO_CurX integer NULL 
2018-07-12 16:55:14:939> DBError('TB_DOOR' 테이블에 'DO_CurY' 필드가 이미 있습니다)ALTER TABLE TB_DOOR ADD DO_CurY integer NULL 
2018-07-12 16:55:14:952> DBError('TB_DOOR' 테이블에 'DO_TOTHEIGHT' 필드가 이미 있습니다)ALTER TABLE TB_DOOR ADD DO_TOTHEIGHT integer NULL 
2018-07-12 16:55:14:971> DBError('TB_DOOR' 테이블에 'DO_TOTWIDTH' 필드가 이미 있습니다)ALTER TABLE TB_DOOR ADD DO_TOTWIDTH integer NULL 
2018-07-12 16:55:49:637> DBError(매개 변수 'DO_TOTHEIGHT'에 기본 값이 없습니다) Update TB_DOOR set 'DO_TOTHEIGHT' = '506'  Where GROUP_CODE = '1234567890'  AND ND_NODENO = 001  AND DE_DEVICEID = '01'  AND DO_DOORNO = 1 
2018-07-12 16:55:55:642> DBError(매개 변수 'DO_TOTWIDTH'에 기본 값이 없습니다) Update TB_DOOR set 'DO_TOTWIDTH' = '1408'  Where GROUP_CODE = '1234567890'  AND ND_NODENO = 001  AND DE_DEVICEID = '01'  AND DO_DOORNO = 1 
2018-07-12 16:59:45:987> DBError('TB_DOOR' 테이블에 'DO_CurX' 필드가 이미 있습니다)ALTER TABLE TB_DOOR ADD DO_CurX integer NULL 
2018-07-12 16:59:46:006> DBError('TB_DOOR' 테이블에 'DO_CurY' 필드가 이미 있습니다)ALTER TABLE TB_DOOR ADD DO_CurY integer NULL 
2018-07-12 16:59:46:022> DBError('TB_DOOR' 테이블에 'DO_TOTHEIGHT' 필드가 이미 있습니다)ALTER TABLE TB_DOOR ADD DO_TOTHEIGHT integer NULL 
2018-07-12 16:59:46:034> DBError('TB_DOOR' 테이블에 'DO_TOTWIDTH' 필드가 이미 있습니다)ALTER TABLE TB_DOOR ADD DO_TOTWIDTH integer NULL 
2018-07-12 17:01:44:910> DBError('TB_DOOR' 테이블에 'DO_CurX' 필드가 이미 있습니다)ALTER TABLE TB_DOOR ADD DO_CurX integer NULL 
2018-07-12 17:01:44:926> DBError('TB_DOOR' 테이블에 'DO_CurY' 필드가 이미 있습니다)ALTER TABLE TB_DOOR ADD DO_CurY integer NULL 
2018-07-12 17:01:45:058> DBError('TB_DOOR' 테이블에 'DO_TOTHEIGHT' 필드가 이미 있습니다)ALTER TABLE TB_DOOR ADD DO_TOTHEIGHT integer NULL 
2018-07-12 17:01:45:161> DBError('TB_DOOR' 테이블에 'DO_TOTWIDTH' 필드가 이미 있습니다)ALTER TABLE TB_DOOR ADD DO_TOTWIDTH integer NULL 
2018-07-12 17:20:09:718> DBError('TB_DOOR' 테이블에 'DO_CurX' 필드가 이미 있습니다)ALTER TABLE TB_DOOR ADD DO_CurX integer NULL 
2018-07-12 17:20:09:736> DBError('TB_DOOR' 테이블에 'DO_CurY' 필드가 이미 있습니다)ALTER TABLE TB_DOOR ADD DO_CurY integer NULL 
2018-07-12 17:20:09:754> DBError('TB_DOOR' 테이블에 'DO_TOTHEIGHT' 필드가 이미 있습니다)ALTER TABLE TB_DOOR ADD DO_TOTHEIGHT integer NULL 
2018-07-12 17:20:09:767> DBError('TB_DOOR' 테이블에 'DO_TOTWIDTH' 필드가 이미 있습니다)ALTER TABLE TB_DOOR ADD DO_TOTWIDTH integer NULL 
2018-07-12 17:22:13:584> DBError('TB_DOOR' 테이블에 'DO_CurX' 필드가 이미 있습니다)ALTER TABLE TB_DOOR ADD DO_CurX integer NULL 
2018-07-12 17:22:13:607> DBError('TB_DOOR' 테이블에 'DO_CurY' 필드가 이미 있습니다)ALTER TABLE TB_DOOR ADD DO_CurY integer NULL 
2018-07-12 17:22:13:619> DBError('TB_DOOR' 테이블에 'DO_TOTHEIGHT' 필드가 이미 있습니다)ALTER TABLE TB_DOOR ADD DO_TOTHEIGHT integer NULL 
2018-07-12 17:22:13:646> DBError('TB_DOOR' 테이블에 'DO_TOTWIDTH' 필드가 이미 있습니다)ALTER TABLE TB_DOOR ADD DO_TOTWIDTH integer NULL 
2018-07-12 17:23:07:510> DBError('TB_DOOR' 테이블에 'DO_CurX' 필드가 이미 있습니다)ALTER TABLE TB_DOOR ADD DO_CurX integer NULL 
2018-07-12 17:23:07:526> DBError('TB_DOOR' 테이블에 'DO_CurY' 필드가 이미 있습니다)ALTER TABLE TB_DOOR ADD DO_CurY integer NULL 
2018-07-12 17:23:07:543> DBError('TB_DOOR' 테이블에 'DO_TOTHEIGHT' 필드가 이미 있습니다)ALTER TABLE TB_DOOR ADD DO_TOTHEIGHT integer NULL 
2018-07-12 17:23:07:557> DBError('TB_DOOR' 테이블에 'DO_TOTWIDTH' 필드가 이미 있습니다)ALTER TABLE TB_DOOR ADD DO_TOTWIDTH integer NULL 
2018-07-12 17:47:19:543> DBError('TB_DOOR' 테이블에 'DO_CurX' 필드가 이미 있습니다)ALTER TABLE TB_DOOR ADD DO_CurX integer NULL 
2018-07-12 17:47:19:565> DBError('TB_DOOR' 테이블에 'DO_CurY' 필드가 이미 있습니다)ALTER TABLE TB_DOOR ADD DO_CurY integer NULL 
2018-07-12 17:47:19:590> DBError('TB_DOOR' 테이블에 'DO_TOTHEIGHT' 필드가 이미 있습니다)ALTER TABLE TB_DOOR ADD DO_TOTHEIGHT integer NULL 
2018-07-12 17:47:19:603> DBError('TB_DOOR' 테이블에 'DO_TOTWIDTH' 필드가 이미 있습니다)ALTER TABLE TB_DOOR ADD DO_TOTWIDTH integer NULL 
